STATUS:Searching for applets
EXCEPT:Traceback (most recent call last):
          File "/home/qli/anaconda3/lib/python3.8/site-packages/p4vasp/applet/__init__.py", line 106, in findApplets
           o=getClass(c)
          File "/home/qli/anaconda3/lib/python3.8/site-packages/p4vasp/applet/__init__.py", line 77, in getClass
           exec "import %s\nc=%s\n"%(join(v[:-1],"."),c)
          File "<string>", line 1, in <module>
          File "/home/qli/anaconda3/lib/python3.8/site-packages/p4vasp/applet/PhononDispersionApplet.py", line 32, in <module>
           import numpy as np
          File "/home/qli/anaconda3/lib/python3.8/site-packages/numpy/__init__.py", line 138, in <module>
           from . import _distributor_init
        ImportError: cannot import name _distributor_init
       
EXCEPT:Traceback (most recent call last):
          File "/home/qli/anaconda3/lib/python3.8/site-packages/p4vasp/applet/__init__.py", line 106, in findApplets
           o=getClass(c)
          File "/home/qli/anaconda3/lib/python3.8/site-packages/p4vasp/applet/__init__.py", line 77, in getClass
           exec "import %s\nc=%s\n"%(join(v[:-1],"."),c)
          File "<string>", line 1, in <module>
          File "/home/qli/anaconda3/lib/python3.8/site-packages/p4vasp/applet/VACApplet.py", line 29, in <module>
           from numpy import transpose,zeros,ones,dot,array
          File "/home/qli/anaconda3/lib/python3.8/site-packages/numpy/__init__.py", line 138, in <module>
           from . import _distributor_init
        ImportError: cannot import name _distributor_init
       
STATUS:Creating menu items
MSG   :Add menu Edit::New
MSG   :Add menu Structure::Window
MSG   :Add menu Structure::Control
MSG   :Add menu Electronic::DOS + bands
MSG   :Add menu Electronic::Local DOS+bands control
MSG   :Add menu Electronic::View k-points
MSG   :Add menu Structure::Lattice
MSG   :Add menu Convergence::Selected forces
MSG   :Add menu Electronic::STM Control
MSG   :Add menu Structure::Measure
MSG   :Add menu Edit::Builder
MSG   :Add menu Structure::Export
MSG   :Add menu Edit::Multiply cell
MSG   :Add menu Edit::Move atoms
MSG   :Add menu Electronic::Local potential
MSG   :Add menu Electronic::STM Window
MSG   :Add menu Database::Commit
MSG   :Add menu Edit::Rotate atoms
MSG   :Add menu Electronic::Dielectric function
MSG   :Add menu Convergence::Energy
MSG   :Add menu Structure::Show (old)
MSG   :Add menu Database::Query
MSG   :Add menu Convergence::Forces
MSG   :Add menu Edit::Edit sub-Z-matrix
MSG   :Add menu Mechanics::Phonons k-points path
MSG   :Add menu Structure::Show/hide atoms
MSG   :Add menu Edit::Info
STATUS:Initializing toolbar buttons
STATUS:Initializing selection applet
STATUS:reading POSCAR
STATUS:reading POSCAR_switched
STATUS:loading setup
ERROR : Can not read setup.xml
STATUS:setup loaded
STATUS:reading vasprun.xml
ERROR : Error reading property DOM
EXCEPT:Traceback (most recent call last):
          File "/home/qli/anaconda3/lib/python3.8/site-packages/p4vasp/Property.py", line 159, in get
           self.value=self.read()
          File "/home/qli/anaconda3/lib/python3.8/site-packages/p4vasp/Property.py", line 172, in read
           return apply(self.read_func,(self,))
          File "/home/qli/anaconda3/lib/python3.8/site-packages/p4vasp/SystemPM.py", line 438, in <lambda>
           read=lambda x:parseXMLfromURL(x.manager.URL))
          File "/home/qli/anaconda3/lib/python3.8/site-packages/p4vasp/util.py", line 460, in parseXMLfromURL
           return parseXML(url)
          File "/home/qli/anaconda3/lib/python3.8/site-packages/p4vasp/util.py", line 430, in parseXML
           raise IOError,"No such file or directory: '%s'"%path
        IOError: No such file or directory: 'vasprun.xml'
       
ERROR : Error reading property INCAR
EXCEPT:Traceback (most recent call last):
          File "/home/qli/anaconda3/lib/python3.8/site-packages/p4vasp/Property.py", line 159, in get
           self.value=self.read()
          File "/home/qli/anaconda3/lib/python3.8/site-packages/p4vasp/Property.py", line 172, in read
           return apply(self.read_func,(self,))
          File "/home/qli/anaconda3/lib/python3.8/site-packages/p4vasp/SystemPM.py", line 440, in <lambda>
           read=lambda x:Incar(x.manager.DOM.getElementsByTagName("incar")[0]))
        AttributeError: 'NoneType' object has no attribute 'getElementsByTagName'
       
ERROR : Error reading property NAME
EXCEPT:Traceback (most recent call last):
          File "/home/qli/anaconda3/lib/python3.8/site-packages/p4vasp/Property.py", line 159, in get
           self.value=self.read()
          File "/home/qli/anaconda3/lib/python3.8/site-packages/p4vasp/Property.py", line 172, in read
           return apply(self.read_func,(self,))
          File "/home/qli/anaconda3/lib/python3.8/site-packages/p4vasp/SystemPM.py", line 446, in <lambda>
           read=lambda x:x.manager.INCAR["SYSTEM"])
        TypeError: 'NoneType' object has no attribute '__getitem__'
       
STATUS:reading vasprun.xml OK
STATUS:OK
STATUS:OK
STATUS:OK
STATUS:OK
STATUS:OK
STATUS:OK
